<?xml version="1.0" encoding="UTF-8"?>
<testng-results ignored="0" total="1" passed="1" failed="0" skipped="0">
  <reporter-output>
  </reporter-output>
  <suite started-at="2023-07-25T23:28:14 BST" name="Default suite" finished-at="2023-07-25T23:28:22 BST" duration-ms="7927">
    <groups>
      <group name="cucumber">
        <method signature="AbstractTestNGCucumberTests.runScenario(io.cucumber.testng.PickleWrapper, io.cucumber.testng.FeatureWrapper)[pri:0, instance:cucumber.Runner.TestRunner@27f981c6]" name="runScenario" class="io.cucumber.testng.AbstractTestNGCucumberTests"/>
      </group> <!-- cucumber -->
    </groups>
    <test started-at="2023-07-25T23:28:14 BST" name="Default test" finished-at="2023-07-25T23:28:22 BST" duration-ms="7927">
      <class name="cucumber.Runner.TestRunner">
        <test-method is-config="true" signature="setUpClass(org.testng.ITestContext)[pri:0, instance:cucumber.Runner.TestRunner@27f981c6]" started-at="2023-07-25T23:28:14 BST" name="setUpClass" finished-at="2023-07-25T23:28:15 BST" duration-ms="915" status="PASS">
          <params>
            <param index="0">
              <value>
                <![CDATA[org.testng.TestRunner@13866329]]>
              </value>
            </param>
          </params>
          <reporter-output>
          </reporter-output>
        </test-method> <!-- setUpClass -->
        <test-method signature="runScenario(io.cucumber.testng.PickleWrapper, io.cucumber.testng.FeatureWrapper)[pri:0, instance:cucumber.Runner.TestRunner@27f981c6]" started-at="2023-07-25T23:28:15 BST" name="runScenario" description="Runs Cucumber Scenarios" data-provider="scenarios" finished-at="2023-07-25T23:28:21 BST" duration-ms="6072" status="PASS">
          <params>
            <param index="0">
              <value>
                <![CDATA["Already registrated user should be allowed to login without any error"]]>
              </value>
            </param>
            <param index="1">
              <value>
                <![CDATA["Validate the login page of Sauce demo site"]]>
              </value>
            </param>
          </params>
          <reporter-output>
          </reporter-output>
        </test-method> <!-- runScenario -->
        <test-method is-config="true" signature="tearDownClass()[pri:0, instance:cucumber.Runner.TestRunner@27f981c6]" started-at="2023-07-25T23:28:21 BST" name="tearDownClass" finished-at="2023-07-25T23:28:22 BST" duration-ms="849" status="PASS">
          <reporter-output>
          </reporter-output>
        </test-method> <!-- tearDownClass -->
      </class> <!-- cucumber.Runner.TestRunner -->
    </test> <!-- Default test -->
  </suite> <!-- Default suite -->
</testng-results>
